0 info it worked if it ends with ok
1 verbose cli [ 'C:\\Program Files\\nodejs\\node.exe',
1 verbose cli   'C:\\Program Files\\nodejs\\node_modules\\npm\\bin\\npm-cli.js',
1 verbose cli   'info' ]
2 info using npm@2.14.2
3 info using node@v4.0.0
4 silly mapToRegistry name neustadt.fr-static
5 silly mapToRegistry using default registry
6 silly mapToRegistry registry https://registry.npmjs.org/
7 silly mapToRegistry uri https://registry.npmjs.org/neustadt.fr-static
8 verbose request uri https://registry.npmjs.org/neustadt.fr-static
9 verbose request no auth needed
10 info attempt registry request try #1 at 13:52:42
11 verbose request id 0400c98c907e63ff
12 http request GET https://registry.npmjs.org/neustadt.fr-static
13 http 404 https://registry.npmjs.org/neustadt.fr-static
14 verbose headers { 'content-type': 'application/json',
14 verbose headers   'cache-control': 'max-age=0',
14 verbose headers   'content-length': '2',
14 verbose headers   'accept-ranges': 'bytes',
14 verbose headers   date: 'Thu, 17 Sep 2015 11:52:43 GMT',
14 verbose headers   via: '1.1 varnish',
14 verbose headers   age: '0',
14 verbose headers   connection: 'keep-alive',
14 verbose headers   'x-served-by': 'cache-fra1246-FRA',
14 verbose headers   'x-cache': 'MISS',
14 verbose headers   'x-cache-hits': '0',
14 verbose headers   'x-timer': 'S1442490762.414400,VS0,VE712' }
15 silly get cb [ 404,
15 silly get   { 'content-type': 'application/json',
15 silly get     'cache-control': 'max-age=0',
15 silly get     'content-length': '2',
15 silly get     'accept-ranges': 'bytes',
15 silly get     date: 'Thu, 17 Sep 2015 11:52:43 GMT',
15 silly get     via: '1.1 varnish',
15 silly get     age: '0',
15 silly get     connection: 'keep-alive',
15 silly get     'x-served-by': 'cache-fra1246-FRA',
15 silly get     'x-cache': 'MISS',
15 silly get     'x-cache-hits': '0',
15 silly get     'x-timer': 'S1442490762.414400,VS0,VE712' } ]
16 verbose stack Error: Registry returned 404 for GET on https://registry.npmjs.org/neustadt.fr-static
16 verbose stack     at makeError (C:\Program Files\nodejs\node_modules\npm\node_modules\npm-registry-client\lib\request.js:263:12)
16 verbose stack     at CachingRegistryClient.<anonymous> (C:\Program Files\nodejs\node_modules\npm\node_modules\npm-registry-client\lib\request.js:241:14)
16 verbose stack     at Request._callback (C:\Program Files\nodejs\node_modules\npm\node_modules\npm-registry-client\lib\request.js:171:14)
16 verbose stack     at Request.self.callback (C:\Program Files\nodejs\node_modules\npm\node_modules\request\request.js:198:22)
16 verbose stack     at emitTwo (events.js:87:13)
16 verbose stack     at Request.emit (events.js:172:7)
16 verbose stack     at Request.<anonymous> (C:\Program Files\nodejs\node_modules\npm\node_modules\request\request.js:1073:14)
16 verbose stack     at emitOne (events.js:82:20)
16 verbose stack     at Request.emit (events.js:169:7)
16 verbose stack     at IncomingMessage.<anonymous> (C:\Program Files\nodejs\node_modules\npm\node_modules\request\request.js:1019:12)
17 verbose statusCode 404
18 verbose pkgid neustadt.fr-static
19 verbose cwd C:\Users\parimal.satyal\Documents\GitHub\neustadt.fr-metalsmith
20 error Windows_NT 6.3.9600
21 error argv "C:\\Program Files\\nodejs\\node.exe" "C:\\Program Files\\nodejs\\node_modules\\npm\\bin\\npm-cli.js" "info"
22 error node v4.0.0
23 error npm  v2.14.2
24 error code E404
25 error 404 Registry returned 404 for GET on https://registry.npmjs.org/neustadt.fr-static
25 error 404
25 error 404 'neustadt.fr-static' is not in the npm registry.
25 error 404 You should bug the author to publish it (or use the name yourself!)
25 error 404
25 error 404 Note that you can also install from a
25 error 404 tarball, folder, http url, or git url.
26 verbose exit [ 1, true ]
